<?xml version="1.0" encoding="UTF-8"?>
<!-- Generated by org.testng.reporters.JUnitXMLReporter -->
<testsuite ignored="0" hostname="LTIN555231" failures="0" tests="4" name="Test" time="73.368" errors="0" timestamp="2025-09-01T14:36:56 IST">
  <testcase classname="testCases.TC_001_SearchCourse" name="courseList" time="8.255"/>
  <testcase classname="testCases.TC_002_SearchLanguages" name="courseList" time="23.074"/>
  <testcase classname="testCases.TC_003_EnterpriseFormValidation" name="openEnterprisePage" time="8.018"/>
  <testcase classname="testCases.TC_003_EnterpriseFormValidation" name="courseList" time="6.766"/>
</testsuite> <!-- Test -->
