<?xml version="1.0" encoding="UTF-8"?>
<!-- Generated by org.testng.reporters.JUnitXMLReporter -->
<testsuite ignored="0" hostname="LTIN555231" failures="0" tests="4" name="Test" time="83.886" errors="0" timestamp="2025-08-19T18:36:56 IST">
  <testcase classname="testCases.EnterpriseFormValidation" name="openEnterprisePage" time="9.613"/>
  <testcase classname="testCases.EnterpriseFormValidation" name="courseList" time="6.457"/>
  <testcase classname="testCases.searchCourse" name="courseList" time="10.215"/>
  <testcase classname="testCases.forLanguage" name="courseList" time="25.797"/>
</testsuite> <!-- Test -->
