<?xml version="1.0" encoding="UTF-8"?>
<!-- Generated by org.testng.reporters.JUnitXMLReporter -->
<testsuite ignored="0" hostname="LTIN555231" failures="0" tests="4" name="Windows-Chrome" time="126.982" errors="0" timestamp="2025-08-19T17:49:45 IST">
  <testcase classname="testCases.searchCourse" name="courseList" time="15.061"/>
  <testcase classname="testCases.forLanguage" name="courseList" time="41.406"/>
  <testcase classname="testCases.EnterpriseFormValidation" name="openEnterprisePage" time="7.79"/>
  <testcase classname="testCases.EnterpriseFormValidation" name="courseList" time="6.941"/>
</testsuite> <!-- Windows-Chrome -->
