<?xml version="1.0" encoding="UTF-8"?>
<!-- Generated by org.testng.reporters.JUnitXMLReporter -->
<testsuite ignored="0" hostname="LTIN555231" failures="0" tests="4" name="Windows-Edge" time="119.552" errors="0" timestamp="2025-08-19T17:49:42 IST">
  <testcase classname="testCases.searchCourse" name="courseList" time="17.799"/>
  <testcase classname="testCases.forLanguage" name="courseList" time="29.15"/>
  <testcase classname="testCases.EnterpriseFormValidation" name="openEnterprisePage" time="10.331"/>
  <testcase classname="testCases.EnterpriseFormValidation" name="courseList" time="8.696"/>
</testsuite> <!-- Windows-Edge -->
