<?xml version="1.0" encoding="UTF-8"?>
<!-- Generated by org.testng.reporters.JUnitXMLReporter -->
<testsuite ignored="0" hostname="LTIN555231" failures="0" tests="4" name="Windows-Chrome" time="108.464" errors="0" timestamp="2025-08-21T10:30:27 IST">
  <testcase classname="testCases.TC_001_SearchCourse" name="courseList" time="10.872"/>
  <testcase classname="testCases.TC_002_SearchLanguages" name="courseList" time="27.637"/>
  <testcase classname="testCases.TC_003_EnterpriseFormValidation" name="openEnterprisePage" time="11.72"/>
  <testcase classname="testCases.TC_003_EnterpriseFormValidation" name="courseList" time="8.784"/>
</testsuite> <!-- Windows-Chrome -->
