<?xml version="1.0" encoding="UTF-8"?>
<!-- Generated by org.testng.reporters.JUnitXMLReporter -->
<testsuite ignored="0" hostname="LTIN555231" failures="0" tests="4" name="Windows-Edge" time="108.597" errors="0" timestamp="2025-08-21T10:30:28 IST">
  <testcase classname="testCases.TC_001_SearchCourse" name="courseList" time="13.807"/>
  <testcase classname="testCases.TC_002_SearchLanguages" name="courseList" time="34.424"/>
  <testcase classname="testCases.TC_003_EnterpriseFormValidation" name="openEnterprisePage" time="8.377"/>
  <testcase classname="testCases.TC_003_EnterpriseFormValidation" name="courseList" time="6.841"/>
</testsuite> <!-- Windows-Edge -->
