<?xml version="1.0" encoding="UTF-8"?>
<testng-results ignored="0" total="4" passed="4" failed="0" skipped="0">
  <reporter-output>
  </reporter-output>
  <suite started-at="2025-08-29T10:51:27 IST" name="ChromeSuite" finished-at="2025-08-29T10:52:42 IST" duration-ms="75329">
    <groups>
    </groups>
    <test started-at="2025-08-29T10:51:27 IST" name="Test" finished-at="2025-08-29T10:52:42 IST" duration-ms="75329">
      <class name="testCases.TC_001_SearchCourse">
        <test-method is-config="true" signature="setup(java.lang.String,java.lang.String)[pri:0, instance:testCases.TC_001_SearchCourse@6d763516]" started-at="2025-08-29T10:51:27 IST" name="setup" finished-at="2025-08-29T10:51:36 IST" duration-ms="8886" status="PASS">
          <params>
            <param index="0">
              <value>
                <![CDATA[Windows]]>
              </value>
            </param>
            <param index="1">
              <value>
                <![CDATA[edge]]>
              </value>
            </param>
          </params>
          <reporter-output>
          </reporter-output>
        </test-method> <!-- setup -->
        <test-method signature="courseList()[pri:0, instance:testCases.TC_001_SearchCourse@6d763516]" started-at="2025-08-29T10:51:36 IST" name="courseList" finished-at="2025-08-29T10:51:44 IST" duration-ms="7502" status="PASS">
          <reporter-output>
          </reporter-output>
        </test-method> <!-- courseList -->
        <test-method is-config="true" signature="tearDown()[pri:0, instance:testCases.TC_001_SearchCourse@6d763516]" started-at="2025-08-29T10:51:44 IST" name="tearDown" finished-at="2025-08-29T10:51:47 IST" duration-ms="3564" status="PASS">
          <reporter-output>
          </reporter-output>
        </test-method> <!-- tearDown -->
      </class> <!-- testCases.TC_001_SearchCourse -->
      <class name="testCases.TC_003_EnterpriseFormValidation">
        <test-method is-config="true" signature="setup(java.lang.String,java.lang.String)[pri:0, instance:testCases.TC_003_EnterpriseFormValidation@16293aa2]" started-at="2025-08-29T10:52:18 IST" name="setup" finished-at="2025-08-29T10:52:22 IST" duration-ms="3880" status="PASS">
          <params>
            <param index="0">
              <value>
                <![CDATA[Windows]]>
              </value>
            </param>
            <param index="1">
              <value>
                <![CDATA[edge]]>
              </value>
            </param>
          </params>
          <reporter-output>
          </reporter-output>
        </test-method> <!-- setup -->
        <test-method signature="openEnterprisePage()[pri:1, instance:testCases.TC_003_EnterpriseFormValidation@16293aa2]" started-at="2025-08-29T10:52:22 IST" name="openEnterprisePage" finished-at="2025-08-29T10:52:29 IST" duration-ms="6612" status="PASS">
          <reporter-output>
          </reporter-output>
        </test-method> <!-- openEnterprisePage -->
        <test-method signature="courseList(java.lang.String,java.lang.String,java.lang.String,java.lang.String,java.lang.String,java.lang.String,java.lang.String,java.lang.String,java.lang.String,java.lang.String,java.lang.String)[pri:2, instance:testCases.TC_003_EnterpriseFormValidation@16293aa2]" started-at="2025-08-29T10:52:30 IST" name="courseList" data-provider="EnterpriseFormValidation" finished-at="2025-08-29T10:52:38 IST" duration-ms="7457" status="PASS">
          <params>
            <param index="0">
              <value>
                <![CDATA[chandu]]>
              </value>
            </param>
            <param index="1">
              <value>
                <![CDATA[Dabbugunta]]>
              </value>
            </param>
            <param index="2">
              <value>
                <![CDATA[chandu@gmail.com]]>
              </value>
            </param>
            <param index="3">
              <value>
                <![CDATA[7873664837]]>
              </value>
            </param>
            <param index="4">
              <value>
                <![CDATA[Other]]>
              </value>
            </param>
            <param index="5">
              <value>
                <![CDATA[edu bridge]]>
              </value>
            </param>
            <param index="6">
              <value>
                <![CDATA[Student]]>
              </value>
            </param>
            <param index="7">
              <value>
                <![CDATA[Student Affairs]]>
              </value>
            </param>
            <param index="8">
              <value>
                <![CDATA[Courses for myself]]>
              </value>
            </param>
            <param index="9">
              <value>
                <![CDATA[India]]>
              </value>
            </param>
            <param index="10">
              <value>
                <![CDATA[Tamil Nadu]]>
              </value>
            </param>
          </params>
          <reporter-output>
          </reporter-output>
        </test-method> <!-- courseList -->
        <test-method is-config="true" signature="tearDown()[pri:0, instance:testCases.TC_003_EnterpriseFormValidation@16293aa2]" started-at="2025-08-29T10:52:38 IST" name="tearDown" finished-at="2025-08-29T10:52:42 IST" duration-ms="4441" status="PASS">
          <reporter-output>
          </reporter-output>
        </test-method> <!-- tearDown -->
      </class> <!-- testCases.TC_003_EnterpriseFormValidation -->
      <class name="testCases.TC_002_SearchLanguages">
        <test-method is-config="true" signature="setup(java.lang.String,java.lang.String)[pri:0, instance:testCases.TC_002_SearchLanguages@5c5eefef]" started-at="2025-08-29T10:51:47 IST" name="setup" finished-at="2025-08-29T10:51:52 IST" duration-ms="4671" status="PASS">
          <params>
            <param index="0">
              <value>
                <![CDATA[Windows]]>
              </value>
            </param>
            <param index="1">
              <value>
                <![CDATA[edge]]>
              </value>
            </param>
          </params>
          <reporter-output>
          </reporter-output>
        </test-method> <!-- setup -->
        <test-method signature="courseList()[pri:0, instance:testCases.TC_002_SearchLanguages@5c5eefef]" started-at="2025-08-29T10:51:52 IST" name="courseList" finished-at="2025-08-29T10:52:14 IST" duration-ms="22519" status="PASS">
          <reporter-output>
          </reporter-output>
        </test-method> <!-- courseList -->
        <test-method is-config="true" signature="tearDown()[pri:0, instance:testCases.TC_002_SearchLanguages@5c5eefef]" started-at="2025-08-29T10:52:14 IST" name="tearDown" finished-at="2025-08-29T10:52:18 IST" duration-ms="3588" status="PASS">
          <reporter-output>
          </reporter-output>
        </test-method> <!-- tearDown -->
      </class> <!-- testCases.TC_002_SearchLanguages -->
    </test> <!-- Test -->
  </suite> <!-- ChromeSuite -->
</testng-results>
