<?xml version="1.0" encoding="UTF-8"?>
<testsuite xmlns:xsi="http://www.w3.org/2001/XMLSchema-instance" xsi:noNamespaceSchemaLocation="https://maven.apache.org/surefire/maven-surefire-plugin/xsd/surefire-test-report-3.0.xsd" version="3.0" name="TestSuite" time="83.047" tests="4" errors="0" skipped="0" failures="0">
  <properties>
[...]
</properties>
  <testcase name="courseList" classname="testCases.TC_001_SearchCourse" time="7.539">
    <system-out><![CDATA[2025-09-01 15:22:42 INFO  TC_001_SearchCourse:15 - Strating TC_001_Search For Course
2025-09-01 15:22:42 INFO  TC_001_SearchCourse:18 - Search for Web Development
2025-09-01 15:22:46 INFO  TC_001_SearchCourse:22 - Filtering ---> lanuage: English and Level:Beginning
Course 1:
Title: HTML, CSS, and Javascript for Web Developers
Specialization
Duration: Specialization
Rating: 4.5
------------------------
Course 2:
Title: Java Programming and Software Engineering Fundamentals
Specialization
Duration: Specialization
Rating: 4.6
------------------------
]]></system-out>
    <system-err><![CDATA[SLF4J(W): No SLF4J providers were found.
SLF4J(W): Defaulting to no-operation (NOP) logger implementation
SLF4J(W): See https://www.slf4j.org/codes.html#noProviders for further details.
SLF4J(W): Class path contains SLF4J bindings targeting slf4j-api versions 1.7.x or earlier.
SLF4J(W): Ignoring binding found at [jar:file:/C:/Users/2417950/.m2/repository/org/apache/logging/log4j/log4j-slf4j-impl/2.23.1/log4j-slf4j-impl-2.23.1.jar!/org/slf4j/impl/StaticLoggerBinder.class]
SLF4J(W): See https://www.slf4j.org/codes.html#ignoredBindings for an explanation.
Sept 01, 2025 3:22:38 PM org.openqa.selenium.devtools.CdpVersionFinder findNearestMatch
WARNING: Unable to find CDP implementation matching 138
Sept 01, 2025 3:22:38 PM org.openqa.selenium.chromium.ChromiumDriver lambda$new$5
WARNING: Unable to find version of CDP to use for 138.0.7204.158. You may need to include a dependency on a specific version of the CDP using something similar to `org.seleniumhq.selenium:selenium-devtools-v86:4.20.0` where the version ("v86") matches the version of the chromium-based browser you're using and the version number of the artifact is the same as Selenium's.
]]></system-err>
  </testcase>
  <testcase name="courseList" classname="testCases.TC_002_SearchLanguages" time="24.359">
    <system-out><![CDATA[2025-09-01 15:22:59 INFO  TC_002_SearchLanguages:13 - Strating TC_002_SearchLanguages for language learning
2025-09-01 15:23:04 INFO  TC_002_SearchLanguages:18 - Fliter languages
2025-09-01 15:23:04 INFO  TC_002_SearchLanguages:21 - languages with level count
Name of language: English
Beginners level course count: level count not available.
Intermediate level course count: level count not available.
Advanced level course count: level count not available.
Mixed level course count: 517
-----------------
Name of language: Spanish
Beginners level course count: level count not available.
Intermediate level course count: level count not available.
Advanced level course count: level count not available.
Mixed level course count: 387
-----------------
Name of language: French
Beginners level course count: level count not available.
Intermediate level course count: level count not available.
Advanced level course count: level count not available.
Mixed level course count: 353
-----------------
Name of language: Portuguese
Beginners level course count: level count not available.
Intermediate level course count: level count not available.
Advanced level course count: level count not available.
Mixed level course count: 351
-----------------
Name of language: German
Beginners level course count: level count not available.
Intermediate level course count: level count not available.
Advanced level course count: level count not available.
Mixed level course count: 340
-----------------
2025-09-01 15:23:23 INFO  TC_002_SearchLanguages:24 - TestCase:2 executed successfully
]]></system-out>
    <system-err><![CDATA[Sept 01, 2025 3:22:56 PM org.openqa.selenium.devtools.CdpVersionFinder findNearestMatch
WARNING: Unable to find CDP implementation matching 138
Sept 01, 2025 3:22:56 PM org.openqa.selenium.chromium.ChromiumDriver lambda$new$5
WARNING: Unable to find version of CDP to use for 138.0.7204.158. You may need to include a dependency on a specific version of the CDP using something similar to `org.seleniumhq.selenium:selenium-devtools-v86:4.20.0` where the version ("v86") matches the version of the chromium-based browser you're using and the version number of the artifact is the same as Selenium's.
]]></system-err>
  </testcase>
  <testcase name="openEnterprisePage" classname="testCases.TC_003_EnterpriseFormValidation" time="7.346">
    <system-out><![CDATA[2025-09-01 15:23:32 INFO  TC_003_EnterpriseFormValidation:15 - Opening Enterprise Page
]]></system-out>
    <system-err><![CDATA[Sept 01, 2025 3:23:30 PM org.openqa.selenium.devtools.CdpVersionFinder findNearestMatch
WARNING: Unable to find CDP implementation matching 138
Sept 01, 2025 3:23:30 PM org.openqa.selenium.chromium.ChromiumDriver lambda$new$5
WARNING: Unable to find version of CDP to use for 138.0.7204.158. You may need to include a dependency on a specific version of the CDP using something similar to `org.seleniumhq.selenium:selenium-devtools-v86:4.20.0` where the version ("v86") matches the version of the chromium-based browser you're using and the version number of the artifact is the same as Selenium's.
]]></system-err>
  </testcase>
  <testcase name="courseList[chandu, Dabbugunta, chandu@gmail.com, 7873664837, Other, edu bridge, Student, Student Affairs, Courses for myself, India, Tamil Nadu](1)" classname="testCases.TC_003_EnterpriseFormValidation" time="6.614">
    <system-out><![CDATA[2025-09-01 15:23:42 INFO  TC_003_EnterpriseFormValidation:22 - Starting TC_003_EnterpriseFormValidation
2025-09-01 15:23:49 INFO  TC_003_EnterpriseFormValidation:39 - TestCase:3 executed successfully
]]></system-out>
  </testcase>
</testsuite>