<?xml version="1.0" encoding="UTF-8"?>
<testng-results ignored="0" total="4" passed="4" failed="0" skipped="0">
  <reporter-output>
  </reporter-output>
  <suite started-at="2025-09-02T09:16:25 IST" name="ChromeSuite" finished-at="2025-09-02T09:17:41 IST" duration-ms="76583">
    <groups>
    </groups>
    <test started-at="2025-09-02T09:16:25 IST" name="Test" finished-at="2025-09-02T09:17:41 IST" duration-ms="76583">
      <class name="testCases.TC_001_SearchCourse">
        <test-method is-config="true" signature="setup(java.lang.String,java.lang.String)[pri:0, instance:testCases.TC_001_SearchCourse@6572421]" started-at="2025-09-02T09:16:25 IST" name="setup" finished-at="2025-09-02T09:16:34 IST" duration-ms="8833" status="PASS">
          <params>
            <param index="0">
              <value>
                <![CDATA[Windows]]>
              </value>
            </param>
            <param index="1">
              <value>
                <![CDATA[chrome]]>
              </value>
            </param>
          </params>
          <reporter-output>
          </reporter-output>
        </test-method> <!-- setup -->
        <test-method signature="courseList()[pri:0, instance:testCases.TC_001_SearchCourse@6572421]" started-at="2025-09-02T09:16:34 IST" name="courseList" finished-at="2025-09-02T09:16:39 IST" duration-ms="5408" status="PASS">
          <reporter-output>
          </reporter-output>
        </test-method> <!-- courseList -->
        <test-method is-config="true" signature="tearDown()[pri:0, instance:testCases.TC_001_SearchCourse@6572421]" started-at="2025-09-02T09:16:39 IST" name="tearDown" finished-at="2025-09-02T09:16:43 IST" duration-ms="3491" status="PASS">
          <reporter-output>
          </reporter-output>
        </test-method> <!-- tearDown -->
      </class> <!-- testCases.TC_001_SearchCourse -->
      <class name="testCases.TC_003_EnterpriseFormValidation">
        <test-method is-config="true" signature="setup(java.lang.String,java.lang.String)[pri:0, instance:testCases.TC_003_EnterpriseFormValidation@6ae5aa72]" started-at="2025-09-02T09:17:15 IST" name="setup" finished-at="2025-09-02T09:17:21 IST" duration-ms="5582" status="PASS">
          <params>
            <param index="0">
              <value>
                <![CDATA[Windows]]>
              </value>
            </param>
            <param index="1">
              <value>
                <![CDATA[chrome]]>
              </value>
            </param>
          </params>
          <reporter-output>
          </reporter-output>
        </test-method> <!-- setup -->
        <test-method signature="openEnterprisePage()[pri:1, instance:testCases.TC_003_EnterpriseFormValidation@6ae5aa72]" started-at="2025-09-02T09:17:21 IST" name="openEnterprisePage" finished-at="2025-09-02T09:17:28 IST" duration-ms="7069" status="PASS">
          <reporter-output>
          </reporter-output>
        </test-method> <!-- openEnterprisePage -->
        <test-method signature="courseList(java.lang.String,java.lang.String,java.lang.String,java.lang.String,java.lang.String,java.lang.String,java.lang.String,java.lang.String,java.lang.String,java.lang.String,java.lang.String)[pri:2, instance:testCases.TC_003_EnterpriseFormValidation@6ae5aa72]" started-at="2025-09-02T09:17:30 IST" name="courseList" data-provider="EnterpriseFormValidation" finished-at="2025-09-02T09:17:37 IST" duration-ms="6903" status="PASS">
          <params>
            <param index="0">
              <value>
                <![CDATA[chandu]]>
              </value>
            </param>
            <param index="1">
              <value>
                <![CDATA[Dabbugunta]]>
              </value>
            </param>
            <param index="2">
              <value>
                <![CDATA[chandu@gmail.com]]>
              </value>
            </param>
            <param index="3">
              <value>
                <![CDATA[7873664837]]>
              </value>
            </param>
            <param index="4">
              <value>
                <![CDATA[Other]]>
              </value>
            </param>
            <param index="5">
              <value>
                <![CDATA[edu bridge]]>
              </value>
            </param>
            <param index="6">
              <value>
                <![CDATA[Student]]>
              </value>
            </param>
            <param index="7">
              <value>
                <![CDATA[Student Affairs]]>
              </value>
            </param>
            <param index="8">
              <value>
                <![CDATA[Courses for myself]]>
              </value>
            </param>
            <param index="9">
              <value>
                <![CDATA[India]]>
              </value>
            </param>
            <param index="10">
              <value>
                <![CDATA[Tamil Nadu]]>
              </value>
            </param>
          </params>
          <reporter-output>
          </reporter-output>
        </test-method> <!-- courseList -->
        <test-method is-config="true" signature="tearDown()[pri:0, instance:testCases.TC_003_EnterpriseFormValidation@6ae5aa72]" started-at="2025-09-02T09:17:37 IST" name="tearDown" finished-at="2025-09-02T09:17:41 IST" duration-ms="4107" status="PASS">
          <reporter-output>
          </reporter-output>
        </test-method> <!-- tearDown -->
      </class> <!-- testCases.TC_003_EnterpriseFormValidation -->
      <class name="testCases.TC_002_SearchLanguages">
        <test-method is-config="true" signature="setup(java.lang.String,java.lang.String)[pri:0, instance:testCases.TC_002_SearchLanguages@6c64cb25]" started-at="2025-09-02T09:16:43 IST" name="setup" finished-at="2025-09-02T09:16:48 IST" duration-ms="5445" status="PASS">
          <params>
            <param index="0">
              <value>
                <![CDATA[Windows]]>
              </value>
            </param>
            <param index="1">
              <value>
                <![CDATA[chrome]]>
              </value>
            </param>
          </params>
          <reporter-output>
          </reporter-output>
        </test-method> <!-- setup -->
        <test-method signature="courseList()[pri:0, instance:testCases.TC_002_SearchLanguages@6c64cb25]" started-at="2025-09-02T09:16:48 IST" name="courseList" finished-at="2025-09-02T09:17:12 IST" duration-ms="23734" status="PASS">
          <reporter-output>
          </reporter-output>
        </test-method> <!-- courseList -->
        <test-method is-config="true" signature="tearDown()[pri:0, instance:testCases.TC_002_SearchLanguages@6c64cb25]" started-at="2025-09-02T09:17:12 IST" name="tearDown" finished-at="2025-09-02T09:17:15 IST" duration-ms="3185" status="PASS">
          <reporter-output>
          </reporter-output>
        </test-method> <!-- tearDown -->
      </class> <!-- testCases.TC_002_SearchLanguages -->
    </test> <!-- Test -->
  </suite> <!-- ChromeSuite -->
</testng-results>
