<?xml version="1.0" encoding="UTF-8"?>
<testsuite xmlns:xsi="http://www.w3.org/2001/XMLSchema-instance" xsi:noNamespaceSchemaLocation="https://maven.apache.org/surefire/maven-surefire-plugin/xsd/surefire-test-report-3.0.xsd" version="3.0" name="TestSuite" time="218.388" tests="4" errors="0" skipped="0" failures="0">
  <properties>
[...]
</properties>
  <testcase name="openEnterprisePage" classname="testCases.EnterpriseFormValidation" time="102.368">
    <system-out><![CDATA[2025-08-19 21:28:16 INFO  EnterpriseFormValidation:17 - Opening Enterprise Page
]]></system-out>
    <system-err><![CDATA[SLF4J(W): No SLF4J providers were found.
SLF4J(W): Defaulting to no-operation (NOP) logger implementation
SLF4J(W): See https://www.slf4j.org/codes.html#noProviders for further details.
SLF4J(W): Class path contains SLF4J bindings targeting slf4j-api versions 1.7.x or earlier.
SLF4J(W): Ignoring binding found at [jar:file:/C:/Users/2417950/.m2/repository/org/apache/logging/log4j/log4j-slf4j-impl/2.23.1/log4j-slf4j-impl-2.23.1.jar!/org/slf4j/impl/StaticLoggerBinder.class]
SLF4J(W): See https://www.slf4j.org/codes.html#ignoredBindings for an explanation.
Aug 19, 2025 9:28:11 PM org.openqa.selenium.devtools.CdpVersionFinder findNearestMatch
WARNING: Unable to find CDP implementation matching 139
Aug 19, 2025 9:28:11 PM org.openqa.selenium.chromium.ChromiumDriver lambda$new$5
WARNING: Unable to find version of CDP to use for 139.0.3405.86. You may need to include a dependency on a specific version of the CDP using something similar to `org.seleniumhq.selenium:selenium-devtools-v86:4.20.0` where the version ("v86") matches the version of the chromium-based browser you're using and the version number of the artifact is the same as Selenium's.
]]></system-err>
  </testcase>
  <testcase name="courseList[chandu, Dabbugunta, chandu@gmail.com, 7873664837, Other, edu bridge, Student, Student Affairs, Courses for myself, India, Tamil Nadu](1)" classname="testCases.EnterpriseFormValidation" time="10.719">
    <system-out><![CDATA[2025-08-19 21:30:01 INFO  EnterpriseFormValidation:24 - Starting TC_002_EnterpriseFormValidation
2025-08-19 21:30:11 INFO  EnterpriseFormValidation:41 - TestCase:2 executed successfully
]]></system-out>
  </testcase>
  <testcase name="courseList" classname="testCases.searchCourse" time="16.523">
    <system-out><![CDATA[2025-08-19 21:30:26 INFO  searchCourse:15 - Strating TC_002_Search For Course
2025-08-19 21:30:26 INFO  searchCourse:18 - Search for Web Development
2025-08-19 21:30:37 INFO  searchCourse:22 - Filtering ---> lanuage: English and Level:Beginning
Course 1:
Title: Introduction to HTML, CSS, & JavaScript
Skills you'll gain: Responsive Web Design, Cascading Style Sheets (CSS), Web Development, Javascript, Bootstrap (Front-End Framework), Scripting, Browser Compatibility, Application Programming Interface (API), Back-End Web Development
Duration: Beginner · Course · 1 - 4 Weeks
Rating: 4.5
------------------------
Course 2:
Title: Meta Full-Stack Developer
Skills you'll gain: Jest (JavaScript Testing Framework), Django (Web Framework), Version Control, Restful API, Responsive Web Design, Unix Commands, HTML and CSS, Git (Version Control System), GitHub, Relational Databases, Object Oriented Programming (OOP), Database Management Systems, Bootstrap (Front-End Framework), React.js, Mobile Development, SQL, Database Design, API Design, Linux Commands, Python Programming
Duration: Beginner · Specialization · 3 - 6 Months
Rating: 4.7
------------------------
]]></system-out>
    <system-err><![CDATA[Aug 19, 2025 9:30:18 PM org.openqa.selenium.devtools.CdpVersionFinder findNearestMatch
WARNING: Unable to find CDP implementation matching 139
Aug 19, 2025 9:30:18 PM org.openqa.selenium.chromium.ChromiumDriver lambda$new$5
WARNING: Unable to find version of CDP to use for 139.0.3405.86. You may need to include a dependency on a specific version of the CDP using something similar to `org.seleniumhq.selenium:selenium-devtools-v86:4.20.0` where the version ("v86") matches the version of the chromium-based browser you're using and the version number of the artifact is the same as Selenium's.
]]></system-err>
  </testcase>
  <testcase name="courseList" classname="testCases.forLanguage" time="36.674">
    <system-out><![CDATA[2025-08-19 21:30:56 INFO  forLanguage:13 - Strating TC_003 search for language learning
2025-08-19 21:31:11 INFO  forLanguage:18 - Fliter languages
2025-08-19 21:31:11 INFO  forLanguage:21 - languages with level count
Name of language: English
Beginners level course count: 3,099
Intermediate level course count: 2,679
Advanced level course count: 291
Mixed level course count: 504
-----------------
Name of language: Spanish
Beginners level course count: 1,488
Intermediate level course count: 1,015
Advanced level course count: 96
Mixed level course count: 385
-----------------
Name of language: French
Beginners level course count: 1,321
Intermediate level course count: 948
Advanced level course count: 101
Mixed level course count: 353
-----------------
Name of language: Portuguese
Beginners level course count: 1,320
Intermediate level course count: 934
Advanced level course count: 94
Mixed level course count: 351
-----------------
Name of language: Arabic
Beginners level course count: 1,294
Intermediate level course count: 896
Advanced level course count: 88
Mixed level course count: 350
-----------------
2025-08-19 21:31:32 INFO  forLanguage:24 - TestCase:3 executed successfully
]]></system-out>
    <system-err><![CDATA[Aug 19, 2025 9:30:50 PM org.openqa.selenium.devtools.CdpVersionFinder findNearestMatch
WARNING: Unable to find CDP implementation matching 139
Aug 19, 2025 9:30:50 PM org.openqa.selenium.chromium.ChromiumDriver lambda$new$5
WARNING: Unable to find version of CDP to use for 139.0.3405.86. You may need to include a dependency on a specific version of the CDP using something similar to `org.seleniumhq.selenium:selenium-devtools-v86:4.20.0` where the version ("v86") matches the version of the chromium-based browser you're using and the version number of the artifact is the same as Selenium's.
]]></system-err>
  </testcase>
</testsuite>