<?xml version="1.0" encoding="UTF-8"?>
<testng-results ignored="0" total="4" passed="4" failed="0" skipped="0">
  <reporter-output>
  </reporter-output>
  <suite started-at="2025-09-01T14:35:41 IST" name="ChromeSuite" finished-at="2025-09-01T14:36:54 IST" duration-ms="73368">
    <groups>
    </groups>
    <test started-at="2025-09-01T14:35:41 IST" name="Test" finished-at="2025-09-01T14:36:54 IST" duration-ms="73368">
      <class name="testCases.TC_001_SearchCourse">
        <test-method is-config="true" signature="setup(java.lang.String,java.lang.String)[pri:0, instance:testCases.TC_001_SearchCourse@682b2fa]" started-at="2025-09-01T14:35:41 IST" name="setup" finished-at="2025-09-01T14:35:46 IST" duration-ms="4753" status="PASS">
          <params>
            <param index="0">
              <value>
                <![CDATA[Windows]]>
              </value>
            </param>
            <param index="1">
              <value>
                <![CDATA[edge]]>
              </value>
            </param>
          </params>
          <reporter-output>
          </reporter-output>
        </test-method> <!-- setup -->
        <test-method signature="courseList()[pri:0, instance:testCases.TC_001_SearchCourse@682b2fa]" started-at="2025-09-01T14:35:46 IST" name="courseList" finished-at="2025-09-01T14:35:54 IST" duration-ms="8255" status="PASS">
          <reporter-output>
          </reporter-output>
        </test-method> <!-- courseList -->
        <test-method is-config="true" signature="tearDown()[pri:0, instance:testCases.TC_001_SearchCourse@682b2fa]" started-at="2025-09-01T14:35:54 IST" name="tearDown" finished-at="2025-09-01T14:35:57 IST" duration-ms="3525" status="PASS">
          <reporter-output>
          </reporter-output>
        </test-method> <!-- tearDown -->
      </class> <!-- testCases.TC_001_SearchCourse -->
      <class name="testCases.TC_003_EnterpriseFormValidation">
        <test-method is-config="true" signature="setup(java.lang.String,java.lang.String)[pri:0, instance:testCases.TC_003_EnterpriseFormValidation@f5958c9]" started-at="2025-09-01T14:36:29 IST" name="setup" finished-at="2025-09-01T14:36:33 IST" duration-ms="3971" status="PASS">
          <params>
            <param index="0">
              <value>
                <![CDATA[Windows]]>
              </value>
            </param>
            <param index="1">
              <value>
                <![CDATA[edge]]>
              </value>
            </param>
          </params>
          <reporter-output>
          </reporter-output>
        </test-method> <!-- setup -->
        <test-method signature="openEnterprisePage()[pri:1, instance:testCases.TC_003_EnterpriseFormValidation@f5958c9]" started-at="2025-09-01T14:36:33 IST" name="openEnterprisePage" finished-at="2025-09-01T14:36:41 IST" duration-ms="8018" status="PASS">
          <reporter-output>
          </reporter-output>
        </test-method> <!-- openEnterprisePage -->
        <test-method signature="courseList(java.lang.String,java.lang.String,java.lang.String,java.lang.String,java.lang.String,java.lang.String,java.lang.String,java.lang.String,java.lang.String,java.lang.String,java.lang.String)[pri:2, instance:testCases.TC_003_EnterpriseFormValidation@f5958c9]" started-at="2025-09-01T14:36:43 IST" name="courseList" data-provider="EnterpriseFormValidation" finished-at="2025-09-01T14:36:50 IST" duration-ms="6766" status="PASS">
          <params>
            <param index="0">
              <value>
                <![CDATA[chandu]]>
              </value>
            </param>
            <param index="1">
              <value>
                <![CDATA[Dabbugunta]]>
              </value>
            </param>
            <param index="2">
              <value>
                <![CDATA[chandu@gmail.com]]>
              </value>
            </param>
            <param index="3">
              <value>
                <![CDATA[7873664837]]>
              </value>
            </param>
            <param index="4">
              <value>
                <![CDATA[Other]]>
              </value>
            </param>
            <param index="5">
              <value>
                <![CDATA[edu bridge]]>
              </value>
            </param>
            <param index="6">
              <value>
                <![CDATA[Student]]>
              </value>
            </param>
            <param index="7">
              <value>
                <![CDATA[Student Affairs]]>
              </value>
            </param>
            <param index="8">
              <value>
                <![CDATA[Courses for myself]]>
              </value>
            </param>
            <param index="9">
              <value>
                <![CDATA[India]]>
              </value>
            </param>
            <param index="10">
              <value>
                <![CDATA[Tamil Nadu]]>
              </value>
            </param>
          </params>
          <reporter-output>
          </reporter-output>
        </test-method> <!-- courseList -->
        <test-method is-config="true" signature="tearDown()[pri:0, instance:testCases.TC_003_EnterpriseFormValidation@f5958c9]" started-at="2025-09-01T14:36:50 IST" name="tearDown" finished-at="2025-09-01T14:36:54 IST" duration-ms="3967" status="PASS">
          <reporter-output>
          </reporter-output>
        </test-method> <!-- tearDown -->
      </class> <!-- testCases.TC_003_EnterpriseFormValidation -->
      <class name="testCases.TC_002_SearchLanguages">
        <test-method is-config="true" signature="setup(java.lang.String,java.lang.String)[pri:0, instance:testCases.TC_002_SearchLanguages@77c2494c]" started-at="2025-09-01T14:35:57 IST" name="setup" finished-at="2025-09-01T14:36:01 IST" duration-ms="3865" status="PASS">
          <params>
            <param index="0">
              <value>
                <![CDATA[Windows]]>
              </value>
            </param>
            <param index="1">
              <value>
                <![CDATA[edge]]>
              </value>
            </param>
          </params>
          <reporter-output>
          </reporter-output>
        </test-method> <!-- setup -->
        <test-method signature="courseList()[pri:0, instance:testCases.TC_002_SearchLanguages@77c2494c]" started-at="2025-09-01T14:36:01 IST" name="courseList" finished-at="2025-09-01T14:36:24 IST" duration-ms="23074" status="PASS">
          <reporter-output>
          </reporter-output>
        </test-method> <!-- courseList -->
        <test-method is-config="true" signature="tearDown()[pri:0, instance:testCases.TC_002_SearchLanguages@77c2494c]" started-at="2025-09-01T14:36:24 IST" name="tearDown" finished-at="2025-09-01T14:36:29 IST" duration-ms="4305" status="PASS">
          <reporter-output>
          </reporter-output>
        </test-method> <!-- tearDown -->
      </class> <!-- testCases.TC_002_SearchLanguages -->
    </test> <!-- Test -->
  </suite> <!-- ChromeSuite -->
</testng-results>
