<?xml version="1.0" encoding="UTF-8"?>
<!-- Generated by org.testng.reporters.JUnitXMLReporter -->
<testsuite ignored="0" hostname="LTIN555231" failures="0" tests="4" name="Test" time="215.183" errors="0" timestamp="2025-08-19T21:31:40 IST">
  <testcase classname="testCases.EnterpriseFormValidation" name="openEnterprisePage" time="102.346"/>
  <testcase classname="testCases.EnterpriseFormValidation" name="courseList" time="10.712"/>
  <testcase classname="testCases.searchCourse" name="courseList" time="16.508"/>
  <testcase classname="testCases.forLanguage" name="courseList" time="36.676"/>
</testsuite> <!-- Test -->
