<?xml version="1.0" encoding="UTF-8"?>
<!-- Generated by org.testng.reporters.JUnitXMLReporter -->
<testsuite ignored="0" hostname="LTIN555231" failures="0" tests="4" name="Test" time="79.943" errors="0" timestamp="2025-09-01T15:23:56 IST">
  <testcase classname="testCases.TC_001_SearchCourse" name="courseList" time="7.504"/>
  <testcase classname="testCases.TC_002_SearchLanguages" name="courseList" time="24.359"/>
  <testcase classname="testCases.TC_003_EnterpriseFormValidation" name="openEnterprisePage" time="7.339"/>
  <testcase classname="testCases.TC_003_EnterpriseFormValidation" name="courseList" time="6.614"/>
</testsuite> <!-- Test -->
